TN:
SF:Users/neil/extensions/php-docblock/src/util/config.ts
FN:7,(anonymous_1)
FN:35,(anonymous_2)
FN:48,(anonymous_3)
FN:56,(anonymous_4)
FN:76,(anonymous_5)
FN:86,(anonymous_6)
FNF:6
FNH:6
FNDA:1,(anonymous_1)
FNDA:360,(anonymous_2)
FNDA:55,(anonymous_3)
FNDA:57,(anonymous_4)
FNDA:55,(anonymous_5)
FNDA:193,(anonymous_6)
DA:1,1
DA:2,1
DA:7,1
DA:28,1
DA:36,360
DA:37,1
DA:38,1
DA:40,360
DA:50,55
DA:58,57
DA:59,54
DA:60,54
DA:61,54
DA:62,54
DA:63,378
DA:64,378
DA:67,54
DA:78,55
DA:88,193
DA:89,18
DA:92,175
LF:21
LH:21
BRDA:36,1,0,1
BRDA:36,1,1,359
BRDA:58,2,0,54
BRDA:58,2,1,3
BRDA:88,3,0,18
BRDA:88,3,1,175
BRF:6
BRH:6
end_of_record
TN:
SF:Users/neil/extensions/php-docblock/src/block/class.ts
FN:7,(anonymous_1)
FN:17,(anonymous_2)
FNF:2
FNH:2
FNDA:28,(anonymous_1)
FNDA:14,(anonymous_2)
DA:1,1
DA:2,1
DA:7,1
DA:12,28
DA:19,14
DA:20,14
DA:22,14
LF:7
LH:7
BRF:0
BRH:0
end_of_record
TN:
SF:Users/neil/extensions/php-docblock/src/block.ts
FN:63,(anonymous_1)
FN:77,(anonymous_2)
FN:87,(anonymous_3)
FN:99,(anonymous_4)
FN:113,(anonymous_5)
FN:142,(anonymous_6)
FN:168,(anonymous_7)
FN:188,(anonymous_8)
FNF:8
FNH:8
FNDA:198,(anonymous_1)
FNDA:76,(anonymous_2)
FNDA:124,(anonymous_3)
FNDA:198,(anonymous_4)
FNDA:198,(anonymous_5)
FNDA:79,(anonymous_6)
FNDA:10,(anonymous_7)
FNDA:40,(anonymous_8)
DA:1,1
DA:3,1
DA:12,1
DA:48,198
DA:65,198
DA:66,198
DA:67,198
DA:79,76
DA:89,124
DA:101,198
DA:115,198
DA:116,198
DA:118,198
DA:119,198
DA:120,4
DA:123,194
DA:124,194
DA:125,208
DA:126,208
DA:128,194
DA:129,194
DA:131,194
DA:144,79
DA:145,79
DA:146,79
DA:147,79
DA:148,1439
DA:149,1439
DA:150,79
DA:151,79
DA:152,1360
DA:153,2
DA:154,1358
DA:155,2
DA:157,1360
DA:160,79
DA:170,10
DA:171,8
DA:172,8
DA:173,8
DA:174,8
DA:175,8
DA:176,8
DA:179,10
DA:190,40
DA:193,40
DA:194,8
DA:198,32
DA:199,4
DA:203,28
DA:204,4
DA:208,24
DA:209,10
DA:213,14
DA:214,12
DA:217,2
LF:56
LH:56
BRDA:119,1,0,4
BRDA:119,1,1,194
BRDA:149,2,0,79
BRDA:149,2,1,1360
BRDA:149,3,0,1439
BRDA:149,3,1,81
BRDA:152,4,0,2
BRDA:152,4,1,1358
BRDA:154,5,0,2
BRDA:154,5,1,1356
BRDA:170,6,0,8
BRDA:170,6,1,2
BRDA:193,7,0,8
BRDA:193,7,1,32
BRDA:198,8,0,4
BRDA:198,8,1,28
BRDA:203,9,0,4
BRDA:203,9,1,24
BRDA:208,10,0,10
BRDA:208,10,1,14
BRDA:213,11,0,12
BRDA:213,11,1,2
BRF:22
BRH:22
end_of_record
TN:
SF:Users/neil/extensions/php-docblock/src/util/TypeUtil.ts
FN:20,(anonymous_1)
FN:32,(anonymous_2)
FN:61,(anonymous_3)
FNF:3
FNH:3
FNDA:124,(anonymous_1)
FNDA:40,(anonymous_2)
FNDA:93,(anonymous_3)
DA:2,1
DA:7,1
DA:21,124
DA:34,40
DA:35,28
DA:38,12
DA:39,12
DA:41,12
DA:42,3
DA:43,2
DA:46,3
DA:47,1
DA:50,2
DA:53,9
DA:62,93
DA:65,26
DA:66,23
DA:68,3
DA:71,20
DA:72,13
DA:74,7
DA:76,47
LF:22
LH:22
BRDA:21,1,0,124
BRDA:21,1,1,1
BRDA:34,2,0,28
BRDA:34,2,1,12
BRDA:41,3,0,3
BRDA:41,3,1,9
BRDA:41,4,0,12
BRDA:41,4,1,3
BRDA:42,5,0,2
BRDA:42,5,1,1
BRDA:46,6,0,1
BRDA:46,6,1,2
BRDA:63,7,0,22
BRDA:63,7,1,26
BRDA:63,7,2,18
BRDA:63,7,3,20
BRDA:63,7,4,47
BRDA:65,8,0,23
BRDA:65,8,1,3
BRDA:71,9,0,13
BRDA:71,9,1,7
BRF:21
BRH:21
end_of_record
TN:
SF:Users/neil/extensions/php-docblock/src/doc.ts
FN:45,(anonymous_1)
FN:55,(anonymous_2)
FN:79,(anonymous_3)
FN:176,(anonymous_4)
FNF:4
FNH:4
FNDA:175,(anonymous_1)
FNDA:49,(anonymous_2)
FNDA:15,(anonymous_3)
FNDA:126,(anonymous_4)
DA:1,1
DA:2,1
DA:10,1
DA:17,175
DA:47,175
DA:57,49
DA:58,44
DA:60,49
DA:61,1
DA:63,49
DA:64,9
DA:66,49
DA:67,45
DA:68,46
DA:81,15
DA:82,15
DA:83,15
DA:84,15
DA:86,15
DA:87,2
DA:88,2
DA:91,15
DA:93,15
DA:94,15
DA:95,15
DA:97,15
DA:98,6
DA:99,5
DA:100,5
DA:102,6
DA:103,6
DA:104,6
DA:105,6
DA:106,6
DA:110,15
DA:111,2
DA:112,1
DA:113,1
DA:115,2
DA:116,2
DA:119,15
DA:120,4
DA:121,1
DA:122,1
DA:123,3
DA:124,1
DA:126,4
DA:127,4
DA:130,15
DA:131,6
DA:132,2
DA:133,2
DA:135,6
DA:136,7
DA:137,7
DA:138,6
DA:140,7
DA:141,7
DA:145,15
DA:147,15
DA:154,1
DA:178,126
DA:179,126
LF:63
LH:63
BRDA:57,1,0,44
BRDA:57,1,1,5
BRDA:60,2,0,1
BRDA:60,2,1,48
BRDA:63,3,0,9
BRDA:63,3,1,40
BRDA:66,4,0,45
BRDA:66,4,1,4
BRDA:66,5,0,49
BRDA:66,5,1,45
BRDA:86,6,0,2
BRDA:86,6,1,13
BRDA:97,7,0,6
BRDA:97,7,1,9
BRDA:98,8,0,5
BRDA:98,8,1,1
BRDA:110,9,0,2
BRDA:110,9,1,13
BRDA:111,10,0,1
BRDA:111,10,1,1
BRDA:119,11,0,4
BRDA:119,11,1,11
BRDA:119,12,0,15
BRDA:119,12,1,6
BRDA:119,12,2,6
BRDA:120,13,0,1
BRDA:120,13,1,3
BRDA:123,14,0,1
BRDA:123,14,1,2
BRDA:123,15,0,3
BRDA:123,15,1,1
BRDA:130,16,0,6
BRDA:130,16,1,9
BRDA:130,17,0,15
BRDA:130,17,1,15
BRDA:131,18,0,2
BRDA:131,18,1,4
BRDA:137,19,0,6
BRDA:137,19,1,1
BRF:39
BRH:39
end_of_record
TN:
SF:Users/neil/extensions/php-docblock/src/completions.ts
FN:8,(anonymous_1)
FN:166,(anonymous_2)
FN:209,(anonymous_3)
FNF:3
FNH:3
FNDA:3,(anonymous_1)
FNDA:9,(anonymous_2)
FNDA:4,(anonymous_3)
DA:1,1
DA:2,1
DA:3,1
DA:8,1
DA:15,3
DA:155,3
DA:168,9
DA:169,9
DA:171,9
DA:172,4
DA:174,4
DA:175,4
DA:176,4
DA:177,4
DA:178,4
DA:180,4
DA:183,5
DA:184,1
DA:187,4
DA:189,4
DA:190,132
DA:193,4
DA:194,4
DA:195,4
DA:196,4
DA:198,4
DA:201,4
DA:211,4
DA:212,1
DA:213,33
DA:214,1
DA:215,1
DA:216,1
DA:220,1
DA:223,4
LF:35
LH:35
BRDA:171,1,0,4
BRDA:171,1,1,5
BRDA:183,2,0,1
BRDA:183,2,1,4
BRDA:211,3,0,1
BRDA:211,3,1,3
BRDA:213,4,0,1
BRDA:213,4,1,32
BRF:8
BRH:8
end_of_record
TN:
SF:Users/neil/extensions/php-docblock/src/documenter.ts
FN:33,(anonymous_1)
FN:45,(anonymous_2)
FNF:2
FNH:2
FNDA:4,(anonymous_1)
FNDA:4,(anonymous_2)
DA:2,1
DA:3,1
DA:4,1
DA:5,1
DA:11,1
DA:35,4
DA:36,4
DA:47,4
DA:48,4
DA:49,1
DA:52,3
DA:53,3
DA:54,1
DA:57,2
DA:58,2
DA:59,1
DA:62,1
LF:17
LH:17
BRDA:48,1,0,1
BRDA:48,1,1,3
BRDA:53,2,0,1
BRDA:53,2,1,2
BRDA:58,3,0,1
BRDA:58,3,1,1
BRF:6
BRH:6
end_of_record
TN:
SF:Users/neil/extensions/php-docblock/src/block/function.ts
FN:14,(anonymous_1)
FN:24,(anonymous_2)
FN:86,(anonymous_3)
FNF:3
FNH:3
FNDA:122,(anonymous_1)
FNDA:79,(anonymous_2)
FNDA:61,(anonymous_3)
DA:1,1
DA:2,1
DA:3,1
DA:5,1
DA:14,1
DA:19,122
DA:26,79
DA:28,79
DA:29,79
DA:30,79
DA:33,79
DA:34,36
DA:36,36
DA:37,5
DA:40,36
DA:41,80
DA:42,80
DA:43,80
DA:45,80
DA:46,32
DA:49,80
DA:50,6
DA:51,74
DA:52,26
DA:53,48
DA:54,18
DA:57,80
DA:61,79
DA:63,79
DA:64,18
DA:65,4
DA:68,18
DA:72,61
DA:75,79
DA:88,61
DA:89,6
DA:92,55
DA:98,8
DA:100,2
DA:103,4
DA:105,2
DA:108,39
LF:42
LH:42
BRDA:33,1,0,36
BRDA:33,1,1,43
BRDA:36,2,0,5
BRDA:36,2,1,31
BRDA:45,3,0,32
BRDA:45,3,1,48
BRDA:49,4,0,6
BRDA:49,4,1,74
BRDA:49,5,0,80
BRDA:49,5,1,32
BRDA:51,6,0,26
BRDA:51,6,1,48
BRDA:53,7,0,18
BRDA:53,7,1,30
BRDA:53,8,0,48
BRDA:53,8,1,48
BRDA:63,9,0,18
BRDA:63,9,1,61
BRDA:64,10,0,4
BRDA:64,10,1,14
BRDA:69,11,0,2
BRDA:69,11,1,16
BRDA:88,12,0,6
BRDA:88,12,1,55
BRDA:93,13,0,2
BRDA:93,13,1,2
BRDA:93,13,2,4
BRDA:93,13,3,6
BRDA:93,13,4,8
BRDA:93,13,5,2
BRDA:93,13,6,2
BRDA:93,13,7,4
BRDA:93,13,8,2
BRF:33
BRH:33
end_of_record
TN:
SF:Users/neil/extensions/php-docblock/src/block/property.ts
FN:7,(anonymous_1)
FN:18,(anonymous_2)
FNF:2
FNH:2
FNDA:48,(anonymous_1)
FNDA:31,(anonymous_2)
DA:1,1
DA:2,1
DA:7,1
DA:13,48
DA:20,31
DA:22,31
DA:24,31
DA:25,22
DA:27,9
DA:30,31
LF:10
LH:10
BRDA:24,1,0,22
BRDA:24,1,1,9
BRF:2
BRH:2
end_of_record
TN:
SF:Users/neil/extensions/php-docblock/src/extension.ts
FN:12,activate
FN:48,deactivate
FNF:2
FNH:1
FNDA:1,activate
FNDA:0,deactivate
DA:1,1
DA:5,1
DA:12,2
DA:14,1
DA:15,2
DA:16,1
DA:41,2
DA:48,2
LF:8
LH:8
BRDA:15,1,0,1
BRDA:15,1,1,1
BRF:2
BRH:2
end_of_record
